<?xml version="1.0" encoding="UTF-8"?>
<!-- Generated by org.testng.reporters.JUnitXMLReporter -->
<testsuite ignored="0" hostname="DESKTOP-ERMO56R" failures="0" tests="3" name="Default test" time="14.113" errors="0" timestamp="22 Jul 2020 01:01:47 GMT">
  <testcase classname="com.qa.hubspot.tests.LoginPageTest" name="verifySignupLinkTest" time="5.384"/>
  <testcase classname="com.qa.hubspot.tests.LoginPageTest" name="verifyLoginPageTitle" time="0.013"/>
  <testcase classname="com.qa.hubspot.tests.LoginPageTest" name="loginTest" time="0.515"/>
</testsuite> <!-- Default test -->
