<?xml version="1.0" encoding="UTF-8"?>
<!-- Generated by org.testng.reporters.JUnitXMLReporter -->
<testsuite ignored="0" hostname="DESKTOP-ERMO56R" failures="0" tests="3" name="HubSpot Feature Testing - home " time="17.192" errors="0" timestamp="16 Jul 2020 11:17:26 GMT">
  <testcase classname="com.qa.hubspot.tests.HomePageTest" name="verifyPageHeader" time="3.569"/>
  <testcase classname="com.qa.hubspot.tests.HomePageTest" name="verifyHomePageTitleTest" time="0.021"/>
  <testcase classname="com.qa.hubspot.tests.HomePageTest" name="verifyLoggedUserTest" time="0.08"/>
</testsuite> <!-- HubSpot Feature Testing - home  -->
