<?xml version="1.0" encoding="UTF-8"?>
<!-- Generated by org.testng.reporters.JUnitXMLReporter -->
<testsuite ignored="0" hostname="DESKTOP-ERMO56R" failures="0" tests="3" name="HubSpot Feature Testing - login" time="15.5" errors="0" timestamp="16 Jul 2020 11:17:09 GMT">
  <testcase classname="com.qa.hubspot.tests.LoginPageTest" name="verifySignupLinkTest" time="6.671"/>
  <testcase classname="com.qa.hubspot.tests.LoginPageTest" name="verifyLoginPageTitle" time="0.01"/>
  <testcase classname="com.qa.hubspot.tests.LoginPageTest" name="loginTest" time="0.644"/>
</testsuite> <!-- HubSpot Feature Testing - login -->
