<?xml version="1.0" encoding="UTF-8"?>
<!-- Generated by org.testng.reporters.JUnitXMLReporter -->
<testsuite ignored="0" hostname="DESKTOP-ERMO56R" failures="0" tests="6" name="HubSpot Feature Testing - contacts" time="31.862" errors="0" timestamp="16 Jul 2020 11:17:58 GMT">
  <testcase classname="com.qa.hubspot.tests.ContactsPageTest" name="verifyContactsPageTest" time="0.528"/>
  <testcase classname="com.qa.hubspot.tests.ContactsPageTest" name="verifyContactPageHeader" time="1.357"/>
  <testcase classname="com.qa.hubspot.tests.ContactsPageTest" name="createNerContactTest" time="1.737"/>
  <testcase classname="com.qa.hubspot.tests.ContactsPageTest" name="verifyUserCreateSucessfully" time="7.539"/>
  <testcase classname="com.qa.hubspot.tests.ContactsPageTest" name="deleteUserInfo" time="1.572"/>
  <testcase classname="com.qa.hubspot.tests.ContactsPageTest" name="verifyContactDelete" time="0.052"/>
</testsuite> <!-- HubSpot Feature Testing - contacts -->
