<?xml version="1.0" encoding="UTF-8"?>
<!-- Generated by org.testng.reporters.JUnitXMLReporter -->
<testsuite hostname="DESKTOP-ERMO56R" ignored="0" name="HubSpot Feature Testing - chrome" tests="3" failures="0" timestamp="28 Jul 2020 04:07:30 GMT" time="30.762" errors="0">
  <testcase name="verifySignupLinkTest" time="14.341" classname="com.qa.hubspot.tests.LoginPageTest"/>
  <testcase name="verifyLoginPageTitle" time="0.327" classname="com.qa.hubspot.tests.LoginPageTest"/>
  <testcase name="loginTest" time="6.194" classname="com.qa.hubspot.tests.LoginPageTest"/>
</testsuite> <!-- HubSpot Feature Testing - chrome -->
