<?xml version="1.0" encoding="UTF-8"?>
<!-- Generated by org.testng.reporters.JUnitXMLReporter -->
<testsuite hostname="DESKTOP-ERMO56R" ignored="0" name="HubSpot Feature Testing - firefox" tests="3" failures="0" timestamp="28 Jul 2020 04:07:40 GMT" time="40.663" errors="0">
  <testcase name="verifySignupLinkTest" time="6.712" classname="com.qa.hubspot.tests.LoginPageTest"/>
  <testcase name="verifyLoginPageTitle" time="0.034" classname="com.qa.hubspot.tests.LoginPageTest"/>
  <testcase name="loginTest" time="4.936" classname="com.qa.hubspot.tests.LoginPageTest"/>
</testsuite> <!-- HubSpot Feature Testing - firefox -->
