<?xml version="1.0" encoding="UTF-8"?>
<!-- Generated by org.testng.reporters.JUnitXMLReporter -->
<testsuite ignored="6" hostname="DESKTOP-ERMO56R" failures="1" tests="3" name="Command line test" time="7.912" errors="0" timestamp="15 Jul 2020 02:51:53 GMT">
  <testcase classname="com.qa.hubspot.tests.ContactsPageTest" name="@BeforeClass contactPageSetup" time="0.001">
    <failure type="java.lang.NullPointerException">
      <![CDATA[java.lang.NullPointerException
at com.qa.hubspot.tests.ContactsPageTest.contactPageSetup(ContactsPageTest.java:21)
... Removed 36 stack frames]]>
    </failure>
  </testcase> <!-- @BeforeClass contactPageSetup -->
  <testcase classname="com.qa.hubspot.tests.HomePageTest" name="@BeforeClass homePageSetup" time="0.001">
    <failure type="java.lang.NullPointerException">
      <![CDATA[java.lang.NullPointerException
at com.qa.hubspot.tests.HomePageTest.homePageSetup(HomePageTest.java:14)
... Removed 36 stack frames]]>
    </failure>
  </testcase> <!-- @BeforeClass homePageSetup -->
  <testcase classname="com.qa.hubspot.tests.ContactsPageTest" name="verifyContactsPageTest" time="0.0">
    <skipped/>
  </testcase> <!-- verifyContactsPageTest -->
  <testcase classname="com.qa.hubspot.tests.HomePageTest" name="verifyPageHeader" time="0.0">
    <skipped/>
  </testcase> <!-- verifyPageHeader -->
  <testcase classname="com.qa.hubspot.tests.LoginPageTest" name="verifySignupLinkTest" time="0.001">
    <failure type="java.lang.NullPointerException">
      <![CDATA[java.lang.NullPointerException
at com.qa.hubspot.tests.LoginPageTest.verifySignupLinkTest(LoginPageTest.java:10)
... Removed 35 stack frames]]>
    </failure>
  </testcase> <!-- verifySignupLinkTest -->
  <testcase classname="com.qa.hubspot.tests.BaseTest" name="@AfterTest tearDown" time="0.0">
    <ignored/>
  </testcase> <!-- @AfterTest tearDown -->
  <testcase classname="com.qa.hubspot.tests.BaseTest" name="@AfterTest tearDown" time="0.0">
    <ignored/>
  </testcase> <!-- @AfterTest tearDown -->
  <testcase classname="com.qa.hubspot.tests.BaseTest" name="@AfterTest tearDown" time="0.0">
    <ignored/>
  </testcase> <!-- @AfterTest tearDown -->
  <testcase classname="com.qa.hubspot.tests.BaseTest" name="@BeforeTest setup" time="0.0">
    <ignored/>
  </testcase> <!-- @BeforeTest setup -->
  <testcase classname="com.qa.hubspot.tests.BaseTest" name="@BeforeTest setup" time="0.0">
    <ignored/>
  </testcase> <!-- @BeforeTest setup -->
  <testcase classname="com.qa.hubspot.tests.BaseTest" name="@BeforeTest setup" time="0.0">
    <ignored/>
  </testcase> <!-- @BeforeTest setup -->
</testsuite> <!-- Command line test -->
