<?xml version="1.0" encoding="UTF-8"?>
<testng-results skipped="0" failed="0" ignored="0" total="6" passed="6">
  <reporter-output>
  </reporter-output>
  <suite name="Hub spot Test automtion regression suite" duration-ms="40665" started-at="2020-07-28T04:06:59Z" finished-at="2020-07-28T04:07:40Z">
    <groups>
    </groups>
    <test name="HubSpot Feature Testing - chrome" duration-ms="30762" started-at="2020-07-28T04:06:59Z" finished-at="2020-07-28T04:07:30Z">
      <class name="com.qa.hubspot.tests.LoginPageTest">
        <test-method status="PASS" signature="setup(java.lang.String)[pri:0, instance:com.qa.hubspot.tests.LoginPageTest@2ed3b1f5]" name="setup" is-config="true" duration-ms="9419" started-at="2020-07-28T04:07:00Z" finished-at="2020-07-28T04:07:09Z">
          <params>
            <param index="0">
              <value>
                <![CDATA[chrome]]>
              </value>
            </param>
          </params>
          <reporter-output>
          </reporter-output>
        </test-method> <!-- setup -->
        <test-method status="PASS" signature="verifySignupLinkTest()[pri:1, instance:com.qa.hubspot.tests.LoginPageTest@2ed3b1f5]" name="verifySignupLinkTest" duration-ms="14341" started-at="2020-07-28T04:07:09Z" finished-at="2020-07-28T04:07:23Z">
          <reporter-output>
          </reporter-output>
        </test-method> <!-- verifySignupLinkTest -->
        <test-method status="PASS" signature="verifyLoginPageTitle()[pri:2, instance:com.qa.hubspot.tests.LoginPageTest@2ed3b1f5]" name="verifyLoginPageTitle" duration-ms="327" started-at="2020-07-28T04:07:24Z" finished-at="2020-07-28T04:07:24Z">
          <reporter-output>
          </reporter-output>
        </test-method> <!-- verifyLoginPageTitle -->
        <test-method status="PASS" signature="loginTest()[pri:3, instance:com.qa.hubspot.tests.LoginPageTest@2ed3b1f5]" name="loginTest" duration-ms="6194" started-at="2020-07-28T04:07:24Z" finished-at="2020-07-28T04:07:30Z">
          <reporter-output>
          </reporter-output>
        </test-method> <!-- loginTest -->
        <test-method status="PASS" signature="tearDown()[pri:0, instance:com.qa.hubspot.tests.LoginPageTest@2ed3b1f5]" name="tearDown" is-config="true" duration-ms="174" started-at="2020-07-28T04:07:30Z" finished-at="2020-07-28T04:07:30Z">
          <reporter-output>
          </reporter-output>
        </test-method> <!-- tearDown -->
      </class> <!-- com.qa.hubspot.tests.LoginPageTest -->
    </test> <!-- HubSpot Feature Testing - chrome -->
    <test name="HubSpot Feature Testing - firefox" duration-ms="40663" started-at="2020-07-28T04:06:59Z" finished-at="2020-07-28T04:07:40Z">
      <class name="com.qa.hubspot.tests.LoginPageTest">
        <test-method status="PASS" signature="setup(java.lang.String)[pri:0, instance:com.qa.hubspot.tests.LoginPageTest@1d71006f]" name="setup" is-config="true" duration-ms="26508" started-at="2020-07-28T04:07:00Z" finished-at="2020-07-28T04:07:26Z">
          <params>
            <param index="0">
              <value>
                <![CDATA[firefox]]>
              </value>
            </param>
          </params>
          <reporter-output>
          </reporter-output>
        </test-method> <!-- setup -->
        <test-method status="PASS" signature="verifySignupLinkTest()[pri:1, instance:com.qa.hubspot.tests.LoginPageTest@1d71006f]" name="verifySignupLinkTest" duration-ms="6712" started-at="2020-07-28T04:07:26Z" finished-at="2020-07-28T04:07:33Z">
          <reporter-output>
          </reporter-output>
        </test-method> <!-- verifySignupLinkTest -->
        <test-method status="PASS" signature="verifyLoginPageTitle()[pri:2, instance:com.qa.hubspot.tests.LoginPageTest@1d71006f]" name="verifyLoginPageTitle" duration-ms="34" started-at="2020-07-28T04:07:33Z" finished-at="2020-07-28T04:07:33Z">
          <reporter-output>
          </reporter-output>
        </test-method> <!-- verifyLoginPageTitle -->
        <test-method status="PASS" signature="loginTest()[pri:3, instance:com.qa.hubspot.tests.LoginPageTest@1d71006f]" name="loginTest" duration-ms="4936" started-at="2020-07-28T04:07:33Z" finished-at="2020-07-28T04:07:38Z">
          <reporter-output>
          </reporter-output>
        </test-method> <!-- loginTest -->
        <test-method status="PASS" signature="tearDown()[pri:0, instance:com.qa.hubspot.tests.LoginPageTest@1d71006f]" name="tearDown" is-config="true" duration-ms="2437" started-at="2020-07-28T04:07:38Z" finished-at="2020-07-28T04:07:40Z">
          <reporter-output>
          </reporter-output>
        </test-method> <!-- tearDown -->
      </class> <!-- com.qa.hubspot.tests.LoginPageTest -->
    </test> <!-- HubSpot Feature Testing - firefox -->
  </suite> <!-- Hub spot Test automtion regression suite -->
</testng-results>
