<?xml version="1.0" encoding="UTF-8"?>
<!-- Generated by org.testng.reporters.JUnitXMLReporter -->
<testsuite ignored="0" hostname="DESKTOP-ERMO56R" failures="0" tests="3" name="Hub Spot Login Testing -" time="15.388" errors="0" timestamp="15 Jul 2020 11:59:09 GMT">
  <testcase classname="com.qa.hubspot.tests.LoginPageTest" name="verifySignupLinkTest" time="7.523"/>
  <testcase classname="com.qa.hubspot.tests.LoginPageTest" name="verifyLoginPageTitle" time="0.008"/>
  <testcase classname="com.qa.hubspot.tests.LoginPageTest" name="loginTest" time="0.533"/>
</testsuite> <!-- Hub Spot Login Testing - -->
