<?xml version="1.0" encoding="UTF-8"?>
<!-- Generated by org.testng.reporters.JUnitXMLReporter -->
<testsuite ignored="0" hostname="DESKTOP-ERMO56R" failures="0" tests="3" name="Hub Spot homepage Testing" time="17.499" errors="0" timestamp="15 Jul 2020 11:59:27 GMT">
  <testcase classname="com.qa.hubspot.tests.HomePageTest" name="verifyPageHeader" time="3.836"/>
  <testcase classname="com.qa.hubspot.tests.HomePageTest" name="verifyHomePageTitleTest" time="0.007"/>
  <testcase classname="com.qa.hubspot.tests.HomePageTest" name="verifyLoggedUserTest" time="0.083"/>
</testsuite> <!-- Hub Spot homepage Testing -->
