<?xml version="1.0" encoding="UTF-8"?>
<!-- Generated by org.testng.reporters.JUnitXMLReporter -->
<testsuite ignored="0" hostname="DESKTOP-ERMO56R" failures="0" tests="3" name="Hub Spot Login Testing -" time="19.435" errors="0" timestamp="16 Jul 2020 11:01:51 GMT">
  <testcase classname="com.qa.hubspot.tests.LoginPageTest" name="verifySignupLinkTest" time="6.224"/>
  <testcase classname="com.qa.hubspot.tests.LoginPageTest" name="verifyLoginPageTitle" time="0.031"/>
  <testcase classname="com.qa.hubspot.tests.LoginPageTest" name="loginTest" time="0.86"/>
</testsuite> <!-- Hub Spot Login Testing - -->
