<?xml version="1.0" encoding="UTF-8"?>
<!-- Generated by org.testng.reporters.JUnitXMLReporter -->
<testsuite ignored="0" hostname="DESKTOP-ERMO56R" failures="0" tests="6" name="Hub Spot contacts Testing" time="35.171" errors="0" timestamp="15 Jul 2020 12:00:02 GMT">
  <testcase classname="com.qa.hubspot.tests.ContactsPageTest" name="verifyContactsPageTest" time="0.538"/>
  <testcase classname="com.qa.hubspot.tests.ContactsPageTest" name="verifyContactPageHeader" time="1.584"/>
  <testcase classname="com.qa.hubspot.tests.ContactsPageTest" name="createNerContactTest" time="1.767"/>
  <testcase classname="com.qa.hubspot.tests.ContactsPageTest" name="verifyUserCreateSucessfully" time="8.094"/>
  <testcase classname="com.qa.hubspot.tests.ContactsPageTest" name="deleteUserInfo" time="1.506"/>
  <testcase classname="com.qa.hubspot.tests.ContactsPageTest" name="verifyContactDelete" time="0.207"/>
</testsuite> <!-- Hub Spot contacts Testing -->
