<?xml version="1.0" encoding="UTF-8"?>
<!-- Generated by org.testng.reporters.JUnitXMLReporter -->
<testsuite ignored="0" hostname="DESKTOP-ERMO56R" failures="0" tests="3" name="HubSpot Feature Testing - home " time="14.092" errors="0" timestamp="17 Jul 2020 10:23:39 GMT">
  <testcase classname="com.qa.hubspot.tests.HomePageTest" name="verifyPageHeader" time="2.152"/>
  <testcase classname="com.qa.hubspot.tests.HomePageTest" name="verifyHomePageTitleTest" time="0.017"/>
  <testcase classname="com.qa.hubspot.tests.HomePageTest" name="verifyLoggedUserTest" time="0.074"/>
</testsuite> <!-- HubSpot Feature Testing - home  -->
