<?xml version="1.0" encoding="UTF-8"?>
<!-- Generated by org.testng.reporters.JUnitXMLReporter -->
<testsuite ignored="0" hostname="DESKTOP-ERMO56R" failures="0" tests="3" name="HubSpot Feature Testing - firefox" time="35.365" errors="0" timestamp="28 Jul 2020 04:02:12 GMT">
  <testcase classname="com.qa.hubspot.tests.LoginPageTest" name="verifySignupLinkTest" time="5.792"/>
  <testcase classname="com.qa.hubspot.tests.LoginPageTest" name="verifyLoginPageTitle" time="0.014"/>
  <testcase classname="com.qa.hubspot.tests.LoginPageTest" name="loginTest" time="2.38"/>
</testsuite> <!-- HubSpot Feature Testing - firefox -->
