<?xml version="1.0" encoding="UTF-8"?>
<!-- Generated by org.testng.reporters.JUnitXMLReporter -->
<testsuite ignored="0" hostname="DESKTOP-ERMO56R" failures="0" tests="3" name="HubSpot Feature Testing - login" time="13.602" errors="0" timestamp="22 Jul 2020 03:22:54 GMT">
  <testcase classname="com.qa.hubspot.tests.LoginPageTest" name="verifySignupLinkTest" time="4.983"/>
  <testcase classname="com.qa.hubspot.tests.LoginPageTest" name="verifyLoginPageTitle" time="0.023"/>
  <testcase classname="com.qa.hubspot.tests.LoginPageTest" name="loginTest" time="0.548"/>
</testsuite> <!-- HubSpot Feature Testing - login -->
