<?xml version="1.0" encoding="UTF-8"?>
<!-- Generated by org.testng.reporters.JUnitXMLReporter -->
<testsuite ignored="0" hostname="DESKTOP-ERMO56R" failures="0" tests="3" name="HubSpot Feature Testing - login" time="14.429" errors="0" timestamp="17 Jul 2020 10:23:23 GMT">
  <testcase classname="com.qa.hubspot.tests.LoginPageTest" name="verifySignupLinkTest" time="5.286"/>
  <testcase classname="com.qa.hubspot.tests.LoginPageTest" name="verifyLoginPageTitle" time="0.048"/>
  <testcase classname="com.qa.hubspot.tests.LoginPageTest" name="loginTest" time="0.616"/>
</testsuite> <!-- HubSpot Feature Testing - login -->
