<?xml version="1.0" encoding="UTF-8"?>
<!-- Generated by org.testng.reporters.JUnitXMLReporter -->
<testsuite ignored="0" hostname="DESKTOP-ERMO56R" failures="0" tests="3" name="HubSpot Feature Testing - chrome" time="27.907" errors="0" timestamp="28 Jul 2020 04:02:05 GMT">
  <testcase classname="com.qa.hubspot.tests.LoginPageTest" name="verifySignupLinkTest" time="15.777"/>
  <testcase classname="com.qa.hubspot.tests.LoginPageTest" name="verifyLoginPageTitle" time="0.438"/>
  <testcase classname="com.qa.hubspot.tests.LoginPageTest" name="loginTest" time="3.674"/>
</testsuite> <!-- HubSpot Feature Testing - chrome -->
