<?xml version="1.0" encoding="UTF-8"?>
<testng-results ignored="0" total="3" passed="3" failed="0" skipped="0">
  <reporter-output>
  </reporter-output>
  <suite started-at="2020-07-22T01:02:43Z" name="Hub spot Test automtion regression suite" finished-at="2020-07-22T01:02:58Z" duration-ms="14174">
    <groups>
    </groups>
    <test started-at="2020-07-22T01:02:43Z" name="HubSpot Feature Testing - login" finished-at="2020-07-22T01:02:58Z" duration-ms="14174">
      <class name="com.qa.hubspot.tests.LoginPageTest">
        <test-method is-config="true" signature="setup()[pri:0, instance:com.qa.hubspot.tests.LoginPageTest@60921b21]" started-at="2020-07-22T01:02:43Z" name="setup" finished-at="2020-07-22T01:02:50Z" duration-ms="6884" status="PASS">
          <reporter-output>
          </reporter-output>
        </test-method> <!-- setup -->
        <test-method signature="verifySignupLinkTest()[pri:1, instance:com.qa.hubspot.tests.LoginPageTest@60921b21]" started-at="2020-07-22T01:02:50Z" name="verifySignupLinkTest" finished-at="2020-07-22T01:02:56Z" duration-ms="5751" status="PASS">
          <reporter-output>
          </reporter-output>
        </test-method> <!-- verifySignupLinkTest -->
        <test-method signature="verifyLoginPageTitle()[pri:2, instance:com.qa.hubspot.tests.LoginPageTest@60921b21]" started-at="2020-07-22T01:02:56Z" name="verifyLoginPageTitle" finished-at="2020-07-22T01:02:56Z" duration-ms="23" status="PASS">
          <reporter-output>
          </reporter-output>
        </test-method> <!-- verifyLoginPageTitle -->
        <test-method signature="loginTest()[pri:3, instance:com.qa.hubspot.tests.LoginPageTest@60921b21]" started-at="2020-07-22T01:02:56Z" name="loginTest" finished-at="2020-07-22T01:02:57Z" duration-ms="536" status="PASS">
          <reporter-output>
          </reporter-output>
        </test-method> <!-- loginTest -->
        <test-method is-config="true" signature="tearDown()[pri:0, instance:com.qa.hubspot.tests.LoginPageTest@60921b21]" started-at="2020-07-22T01:02:57Z" name="tearDown" finished-at="2020-07-22T01:02:58Z" duration-ms="665" status="PASS">
          <reporter-output>
          </reporter-output>
        </test-method> <!-- tearDown -->
      </class> <!-- com.qa.hubspot.tests.LoginPageTest -->
    </test> <!-- HubSpot Feature Testing - login -->
  </suite> <!-- Hub spot Test automtion regression suite -->
</testng-results>
